Traceback (most recent call last):
  File "C:\Users\usEr\Desktop\projectnew\app\services\ai_service.py", line 78, in grade_answer
    response = self.model.generate_content(prompt)
  File "C:\Users\usEr\AppData\Roaming\Python\Python314\site-packages\google\generativeai\generative_models.py", line 331, in generate_content
    response = self._client.generate_content(
        request,
        **request_options,
    )
  File "C:\Users\usEr\AppData\Roaming\Python\Python314\site-packages\google\ai\generativelanguage_v1beta\services\generative_service\client.py", line 835, in generate_content
    response = rpc(
        request,
    ...<2 lines>...
        metadata=metadata,
    )
  File "C:\Users\usEr\AppData\Roaming\Python\Python314\site-packages\google\api_core\gapic_v1\method.py", line 131, in __call__
    return wrapped_func(*args, **kwargs)
  File "C:\Users\usEr\AppData\Roaming\Python\Python314\site-packages\google\api_core\retry\retry_unary.py", line 294, in retry_wrapped_func
    return retry_target(
        target,
    ...<3 lines>...
        on_error=on_error,
    )
  File "C:\Users\usEr\AppData\Roaming\Python\Python314\site-packages\google\api_core\retry\retry_unary.py", line 156, in retry_target
    next_sleep = _retry_error_helper(
        exc,
    ...<6 lines>...
        timeout,
    )
  File "C:\Users\usEr\AppData\Roaming\Python\Python314\site-packages\google\api_core\retry\retry_base.py", line 214, in _retry_error_helper
    raise final_exc from source_exc
  File "C:\Users\usEr\AppData\Roaming\Python\Python314\site-packages\google\api_core\retry\retry_unary.py", line 147, in retry_target
    result = target()
  File "C:\Users\usEr\AppData\Roaming\Python\Python314\site-packages\google\api_core\timeout.py", line 130, in func_with_timeout
    return func(*args, **kwargs)
  File "C:\Users\usEr\AppData\Roaming\Python\Python314\site-packages\google\api_core\grpc_helpers.py", line 77, in error_remapped_callable
    raise exceptions.from_grpc_error(exc) from exc
google.api_core.exceptions.ResourceExhausted: 429 You exceeded your current quota, please check your plan and billing details. For more information on this error, head to: https://ai.google.dev/gemini-api/docs/rate-limits. To monitor your current usage, head to: https://ai.dev/rate-limit. 
* Quota exceeded for metric: generativelanguage.googleapis.com/generate_content_free_tier_requests, limit: 20, model: gemini-2.5-flash
Please retry in 13.525086822s. [links {
  description: "Learn more about Gemini API quotas"
  url: "https://ai.google.dev/gemini-api/docs/rate-limits"
}
, violations {
  quota_metric: "generativelanguage.googleapis.com/generate_content_free_tier_requests"
  quota_id: "GenerateRequestsPerDayPerProjectPerModel-FreeTier"
  quota_dimensions {
    key: "model"
    value: "gemini-2.5-flash"
  }
  quota_dimensions {
    key: "location"
    value: "global"
  }
  quota_value: 20
}
, retry_delay {
  seconds: 13
}
]

During handling of the above exception, another exception occurred:

Traceback (most recent call last):
  File "C:\Users\usEr\Desktop\projectnew\verify_rubric.py", line 25, in test_rubric_grading
    result = await ai_service.grade_answer(
             ^^^^^^^^^^^^^^^^^^^^^^^^^^^^^^
    ...<5 lines>...
    )
    ^
  File "C:\Users\usEr\Desktop\projectnew\app\services\ai_service.py", line 121, in grade_answer
    await db.db["ai_logs"].insert_one({
          ~~~~~^^^^^^^^^^^
TypeError: 'NoneType' object is not subscriptable
